Traceback (most recent call last):
  File "C:\Users\ibhan\miniconda3\envs\newbook312nodep\Lib\site-packages\jupyter_cache\executors\utils.py", line 58, in single_nb_execution
    executenb(
  File "C:\Users\ibhan\miniconda3\envs\newbook312nodep\Lib\site-packages\nbclient\client.py", line 1323, in execute
    return NotebookClient(nb=nb, resources=resources, km=km, **kwargs).execute()
           ^^^^^^^^^^^^^^^^^^^^^^^^^^^^^^^^^^^^^^^^^^^^^^^^^^^^^^^^^^^^^^^^^^^^^
  File "C:\Users\ibhan\miniconda3\envs\newbook312nodep\Lib\site-packages\jupyter_core\utils\__init__.py", line 165, in wrapped
    return loop.run_until_complete(inner)
           ^^^^^^^^^^^^^^^^^^^^^^^^^^^^^^
  File "C:\Users\ibhan\miniconda3\envs\newbook312nodep\Lib\asyncio\base_events.py", line 691, in run_until_complete
    return future.result()
           ^^^^^^^^^^^^^^^
  File "C:\Users\ibhan\miniconda3\envs\newbook312nodep\Lib\site-packages\nbclient\client.py", line 709, in async_execute
    await self.async_execute_cell(
  File "C:\Users\ibhan\miniconda3\envs\newbook312nodep\Lib\site-packages\nbclient\client.py", line 1062, in async_execute_cell
    await self._check_raise_for_error(cell, cell_index, exec_reply)
  File "C:\Users\ibhan\miniconda3\envs\newbook312nodep\Lib\site-packages\nbclient\client.py", line 918, in _check_raise_for_error
    raise CellExecutionError.from_cell_and_msg(cell, exec_reply_content)
nbclient.exceptions.CellExecutionError: An error occurred while executing the following cell:
------------------
%%mdmodel mtest
>list ages = ages : age_0 * age_5
>doable [ages=ages_nostart]  pop_primo__{ages} = pop__{ages_before}(-1)
------------------


[31m---------------------------------------------------------------------------[39m
[31mTypeError[39m                                 Traceback (most recent call last)
[36mCell[39m[36m [39m[32mIn[3][39m[32m, line 1[39m
[32m----> [39m[32m1[39m [43mget_ipython[49m[43m([49m[43m)[49m[43m.[49m[43mrun_cell_magic[49m[43m([49m[33;43m'[39;49m[33;43mmdmodel[39;49m[33;43m'[39;49m[43m,[49m[43m [49m[33;43m'[39;49m[33;43mmtest[39;49m[33;43m'[39;49m[43m,[49m[43m [49m[33;43m'[39;49m[33;43m>list ages = ages : age_0 * age_5[39;49m[38;5;130;43;01m\n[39;49;00m[33;43m>doable [ages=ages_nostart]  pop_primo__[39;49m[38;5;132;43;01m{ages}[39;49;00m[33;43m = pop__[39;49m[38;5;132;43;01m{ages_before}[39;49;00m[33;43m(-1)[39;49m[38;5;130;43;01m\n[39;49;00m[33;43m'[39;49m[43m)[49m

[36mFile [39m[32m~\miniconda3\envs\newbook312nodep\Lib\site-packages\IPython\core\interactiveshell.py:2572[39m, in [36mInteractiveShell.run_cell_magic[39m[34m(self, magic_name, line, cell)[39m
[32m   2570[39m [38;5;28;01mwith[39;00m [38;5;28mself[39m.builtin_trap:
[32m   2571[39m     args = (magic_arg_s, cell)
[32m-> [39m[32m2572[39m     result = [43mfn[49m[43m([49m[43m*[49m[43margs[49m[43m,[49m[43m [49m[43m*[49m[43m*[49m[43mkwargs[49m[43m)[49m
[32m   2574[39m [38;5;66;03m# The code below prevents the output from being displayed[39;00m
[32m   2575[39m [38;5;66;03m# when using magics with decorator @output_can_be_silenced[39;00m
[32m   2576[39m [38;5;66;03m# when the last Python token in the expression is a ';'.[39;00m
[32m   2577[39m [38;5;28;01mif[39;00m [38;5;28mgetattr[39m(fn, magic.MAGIC_OUTPUT_CAN_BE_SILENCED, [38;5;28;01mFalse[39;00m):

[36mFile [39m[32mC:\modelflow2\modelflow\modeljupytermagic.py:557[39m, in [36mmdmodel[39m[34m(line, cell)[39m
[32m    555[39m [38;5;129m@register_cell_magic[39m
[32m    556[39m [38;5;28;01mdef[39;00m[38;5;250m [39m[34mmdmodel[39m(line, cell):
[32m--> [39m[32m557[39m     _ =  [43m_mdmodel_impl[49m[43m([49m[43mline[49m[43m,[49m[43m [49m[43mcell[49m[43m)[49m

[36mFile [39m[32mC:\modelflow2\modelflow\modeljupytermagic.py:505[39m, in [36m_mdmodel_impl[39m[34m(line, cell)[39m
[32m    500[39m     exploded_name = name
[32m    502[39m [38;5;66;03m# ------------------------------------------------------------[39;00m
[32m    503[39m [38;5;66;03m# Create Mexplode model[39;00m
[32m    504[39m [38;5;66;03m# ------------------------------------------------------------[39;00m
[32m--> [39m[32m505[39m emodel = [43mMexplode[49m[43m([49m[43mmodel_text[49m[43m,[49m[43m [49m[43mreplacements[49m[43m=[49m[43mreplacements[49m[43m)[49m
[32m    508[39m user_ns[exploded_name] = emodel
[32m    510[39m [38;5;66;03m# ------------------------------------------------------------[39;00m
[32m    511[39m [38;5;66;03m# Rendering[39;00m
[32m    512[39m [38;5;66;03m# ------------------------------------------------------------[39;00m

[31mTypeError[39m: Mexplode() got an unexpected keyword argument 'replacements'

