Traceback (most recent call last):
  File "C:\Users\ibhan\miniconda3\envs\mfbook_310\lib\site-packages\jupyter_cache\executors\utils.py", line 58, in single_nb_execution
    executenb(
  File "C:\Users\ibhan\miniconda3\envs\mfbook_310\lib\site-packages\nbclient\client.py", line 1305, in execute
    return NotebookClient(nb=nb, resources=resources, km=km, **kwargs).execute()
  File "C:\Users\ibhan\miniconda3\envs\mfbook_310\lib\site-packages\jupyter_core\utils\__init__.py", line 166, in wrapped
    return loop.run_until_complete(inner)
  File "C:\Users\ibhan\miniconda3\envs\mfbook_310\lib\asyncio\base_events.py", line 649, in run_until_complete
    return future.result()
  File "C:\Users\ibhan\miniconda3\envs\mfbook_310\lib\site-packages\nbclient\client.py", line 705, in async_execute
    await self.async_execute_cell(
  File "C:\Users\ibhan\miniconda3\envs\mfbook_310\lib\site-packages\nbclient\client.py", line 1058, in async_execute_cell
    await self._check_raise_for_error(cell, cell_index, exec_reply)
  File "C:\Users\ibhan\miniconda3\envs\mfbook_310\lib\site-packages\nbclient\client.py", line 914, in _check_raise_for_error
    raise CellExecutionError.from_cell_and_msg(cell, exec_reply_content)
nbclient.exceptions.CellExecutionError: An error occurred while executing the following cell:
------------------
AFShockRes['GDPOLD']=bline['PAKNYGDPMKTPKN']
AFShockRes['IFPRVOLD']=bline['PAKNEGDIFPRVKN']
AFShockRes['IFTOTOLD']=bline['PAKNEGDIFTOTKN']
AFShockRes=AFShockRes.mfcalc('''
                       IFPRV_SHOCK = PAKNEGDIFPRVKN / GDPOLD*100
                       IFTOT_SHOCK = PAKNEGDIFTOTKN / GDPOLD*100
                       IFPRV_Orig = IFPRVOLD / GDPOLD*100
                       IFTOT_Orig = IFTOTOLD / GDPOLD*100
                       ''')

print(round(AFShockRes.loc[2020:2030,['PAKNEGDIFPRVKN_','IFPRV_OLD','PAKNEGDIFTOTKN_','IFTOT_OLD']],2))
------------------


[1;31m---------------------------------------------------------------------------[0m
[1;31mKeyError[0m                                  Traceback (most recent call last)
Cell [1;32mIn[23], line 11[0m
[0;32m      3[0m AFShockRes[[38;5;124m'[39m[38;5;124mIFTOTOLD[39m[38;5;124m'[39m][38;5;241m=[39mbline[[38;5;124m'[39m[38;5;124mPAKNEGDIFTOTKN[39m[38;5;124m'[39m]
[0;32m      4[0m AFShockRes[38;5;241m=[39mAFShockRes[38;5;241m.[39mmfcalc([38;5;124m'''[39m
[0;32m      5[0m [38;5;124m                       IFPRV_SHOCK = PAKNEGDIFPRVKN / GDPOLD*100[39m
[0;32m      6[0m [38;5;124m                       IFTOT_SHOCK = PAKNEGDIFTOTKN / GDPOLD*100[39m
[0;32m      7[0m [38;5;124m                       IFPRV_Orig = IFPRVOLD / GDPOLD*100[39m
[0;32m      8[0m [38;5;124m                       IFTOT_Orig = IFTOTOLD / GDPOLD*100[39m
[0;32m      9[0m [38;5;124m                       [39m[38;5;124m'''[39m)
[1;32m---> 11[0m [38;5;28mprint[39m([38;5;28mround[39m([43mAFShockRes[49m[38;5;241;43m.[39;49m[43mloc[49m[43m[[49m[38;5;241;43m2020[39;49m[43m:[49m[38;5;241;43m2030[39;49m[43m,[49m[43m[[49m[38;5;124;43m'[39;49m[38;5;124;43mPAKNEGDIFPRVKN_[39;49m[38;5;124;43m'[39;49m[43m,[49m[38;5;124;43m'[39;49m[38;5;124;43mIFPRV_OLD[39;49m[38;5;124;43m'[39;49m[43m,[49m[38;5;124;43m'[39;49m[38;5;124;43mPAKNEGDIFTOTKN_[39;49m[38;5;124;43m'[39;49m[43m,[49m[38;5;124;43m'[39;49m[38;5;124;43mIFTOT_OLD[39;49m[38;5;124;43m'[39;49m[43m][49m[43m][49m,[38;5;241m2[39m))

File [1;32m~\miniconda3\envs\mfbook_310\lib\site-packages\pandas\core\indexing.py:1097[0m, in [0;36m_LocationIndexer.__getitem__[1;34m(self, key)[0m
[0;32m   1095[0m     [38;5;28;01mif[39;00m [38;5;28mself[39m[38;5;241m.[39m_is_scalar_access(key):
[0;32m   1096[0m         [38;5;28;01mreturn[39;00m [38;5;28mself[39m[38;5;241m.[39mobj[38;5;241m.[39m_get_value([38;5;241m*[39mkey, takeable[38;5;241m=[39m[38;5;28mself[39m[38;5;241m.[39m_takeable)
[1;32m-> 1097[0m     [38;5;28;01mreturn[39;00m [38;5;28;43mself[39;49m[38;5;241;43m.[39;49m[43m_getitem_tuple[49m[43m([49m[43mkey[49m[43m)[49m
[0;32m   1098[0m [38;5;28;01melse[39;00m:
[0;32m   1099[0m     [38;5;66;03m# we by definition only have the 0th axis[39;00m
[0;32m   1100[0m     axis [38;5;241m=[39m [38;5;28mself[39m[38;5;241m.[39maxis [38;5;129;01mor[39;00m [38;5;241m0[39m

File [1;32m~\miniconda3\envs\mfbook_310\lib\site-packages\pandas\core\indexing.py:1289[0m, in [0;36m_LocIndexer._getitem_tuple[1;34m(self, tup)[0m
[0;32m   1286[0m [38;5;28;01mif[39;00m [38;5;28mself[39m[38;5;241m.[39m_multi_take_opportunity(tup):
[0;32m   1287[0m     [38;5;28;01mreturn[39;00m [38;5;28mself[39m[38;5;241m.[39m_multi_take(tup)
[1;32m-> 1289[0m [38;5;28;01mreturn[39;00m [38;5;28;43mself[39;49m[38;5;241;43m.[39;49m[43m_getitem_tuple_same_dim[49m[43m([49m[43mtup[49m[43m)[49m

File [1;32m~\miniconda3\envs\mfbook_310\lib\site-packages\pandas\core\indexing.py:955[0m, in [0;36m_LocationIndexer._getitem_tuple_same_dim[1;34m(self, tup)[0m
[0;32m    952[0m [38;5;28;01mif[39;00m com[38;5;241m.[39mis_null_slice(key):
[0;32m    953[0m     [38;5;28;01mcontinue[39;00m
[1;32m--> 955[0m retval [38;5;241m=[39m [38;5;28;43mgetattr[39;49m[43m([49m[43mretval[49m[43m,[49m[43m [49m[38;5;28;43mself[39;49m[38;5;241;43m.[39;49m[43mname[49m[43m)[49m[38;5;241;43m.[39;49m[43m_getitem_axis[49m[43m([49m[43mkey[49m[43m,[49m[43m [49m[43maxis[49m[38;5;241;43m=[39;49m[43mi[49m[43m)[49m
[0;32m    956[0m [38;5;66;03m# We should never have retval.ndim < self.ndim, as that should[39;00m
[0;32m    957[0m [38;5;66;03m#  be handled by the _getitem_lowerdim call above.[39;00m
[0;32m    958[0m [38;5;28;01massert[39;00m retval[38;5;241m.[39mndim [38;5;241m==[39m [38;5;28mself[39m[38;5;241m.[39mndim

File [1;32m~\miniconda3\envs\mfbook_310\lib\site-packages\pandas\core\indexing.py:1332[0m, in [0;36m_LocIndexer._getitem_axis[1;34m(self, key, axis)[0m
[0;32m   1329[0m     [38;5;28;01mif[39;00m [38;5;28mhasattr[39m(key, [38;5;124m"[39m[38;5;124mndim[39m[38;5;124m"[39m) [38;5;129;01mand[39;00m key[38;5;241m.[39mndim [38;5;241m>[39m [38;5;241m1[39m:
[0;32m   1330[0m         [38;5;28;01mraise[39;00m [38;5;167;01mValueError[39;00m([38;5;124m"[39m[38;5;124mCannot index with multidimensional key[39m[38;5;124m"[39m)
[1;32m-> 1332[0m     [38;5;28;01mreturn[39;00m [38;5;28;43mself[39;49m[38;5;241;43m.[39;49m[43m_getitem_iterable[49m[43m([49m[43mkey[49m[43m,[49m[43m [49m[43maxis[49m[38;5;241;43m=[39;49m[43maxis[49m[43m)[49m
[0;32m   1334[0m [38;5;66;03m# nested tuple slicing[39;00m
[0;32m   1335[0m [38;5;28;01mif[39;00m is_nested_tuple(key, labels):

File [1;32m~\miniconda3\envs\mfbook_310\lib\site-packages\pandas\core\indexing.py:1272[0m, in [0;36m_LocIndexer._getitem_iterable[1;34m(self, key, axis)[0m
[0;32m   1269[0m [38;5;28mself[39m[38;5;241m.[39m_validate_key(key, axis)
[0;32m   1271[0m [38;5;66;03m# A collection of keys[39;00m
[1;32m-> 1272[0m keyarr, indexer [38;5;241m=[39m [38;5;28;43mself[39;49m[38;5;241;43m.[39;49m[43m_get_listlike_indexer[49m[43m([49m[43mkey[49m[43m,[49m[43m [49m[43maxis[49m[43m)[49m
[0;32m   1273[0m [38;5;28;01mreturn[39;00m [38;5;28mself[39m[38;5;241m.[39mobj[38;5;241m.[39m_reindex_with_indexers(
[0;32m   1274[0m     {axis: [keyarr, indexer]}, copy[38;5;241m=[39m[38;5;28;01mTrue[39;00m, allow_dups[38;5;241m=[39m[38;5;28;01mTrue[39;00m
[0;32m   1275[0m )

File [1;32m~\miniconda3\envs\mfbook_310\lib\site-packages\pandas\core\indexing.py:1462[0m, in [0;36m_LocIndexer._get_listlike_indexer[1;34m(self, key, axis)[0m
[0;32m   1459[0m ax [38;5;241m=[39m [38;5;28mself[39m[38;5;241m.[39mobj[38;5;241m.[39m_get_axis(axis)
[0;32m   1460[0m axis_name [38;5;241m=[39m [38;5;28mself[39m[38;5;241m.[39mobj[38;5;241m.[39m_get_axis_name(axis)
[1;32m-> 1462[0m keyarr, indexer [38;5;241m=[39m [43max[49m[38;5;241;43m.[39;49m[43m_get_indexer_strict[49m[43m([49m[43mkey[49m[43m,[49m[43m [49m[43maxis_name[49m[43m)[49m
[0;32m   1464[0m [38;5;28;01mreturn[39;00m keyarr, indexer

File [1;32m~\miniconda3\envs\mfbook_310\lib\site-packages\pandas\core\indexes\base.py:5876[0m, in [0;36mIndex._get_indexer_strict[1;34m(self, key, axis_name)[0m
[0;32m   5873[0m [38;5;28;01melse[39;00m:
[0;32m   5874[0m     keyarr, indexer, new_indexer [38;5;241m=[39m [38;5;28mself[39m[38;5;241m.[39m_reindex_non_unique(keyarr)
[1;32m-> 5876[0m [38;5;28;43mself[39;49m[38;5;241;43m.[39;49m[43m_raise_if_missing[49m[43m([49m[43mkeyarr[49m[43m,[49m[43m [49m[43mindexer[49m[43m,[49m[43m [49m[43maxis_name[49m[43m)[49m
[0;32m   5878[0m keyarr [38;5;241m=[39m [38;5;28mself[39m[38;5;241m.[39mtake(indexer)
[0;32m   5879[0m [38;5;28;01mif[39;00m [38;5;28misinstance[39m(key, Index):
[0;32m   5880[0m     [38;5;66;03m# GH 42790 - Preserve name from an Index[39;00m

File [1;32m~\miniconda3\envs\mfbook_310\lib\site-packages\pandas\core\indexes\base.py:5935[0m, in [0;36mIndex._raise_if_missing[1;34m(self, key, indexer, axis_name)[0m
[0;32m   5933[0m     [38;5;28;01mif[39;00m use_interval_msg:
[0;32m   5934[0m         key [38;5;241m=[39m [38;5;28mlist[39m(key)
[1;32m-> 5935[0m     [38;5;28;01mraise[39;00m [38;5;167;01mKeyError[39;00m([38;5;124mf[39m[38;5;124m"[39m[38;5;124mNone of [[39m[38;5;132;01m{[39;00mkey[38;5;132;01m}[39;00m[38;5;124m] are in the [[39m[38;5;132;01m{[39;00maxis_name[38;5;132;01m}[39;00m[38;5;124m][39m[38;5;124m"[39m)
[0;32m   5937[0m not_found [38;5;241m=[39m [38;5;28mlist[39m(ensure_index(key)[missing_mask[38;5;241m.[39mnonzero()[[38;5;241m0[39m]][38;5;241m.[39munique())
[0;32m   5938[0m [38;5;28;01mraise[39;00m [38;5;167;01mKeyError[39;00m([38;5;124mf[39m[38;5;124m"[39m[38;5;132;01m{[39;00mnot_found[38;5;132;01m}[39;00m[38;5;124m not in index[39m[38;5;124m"[39m)

[1;31mKeyError[0m: "None of [Index(['PAKNEGDIFPRVKN_', 'IFPRV_OLD', 'PAKNEGDIFTOTKN_', 'IFTOT_OLD'], dtype='object')] are in the [columns]"

