Traceback (most recent call last):
  File "C:\Users\ibhan\miniconda3\envs\newbook312\Lib\site-packages\jupyter_cache\executors\utils.py", line 58, in single_nb_execution
    executenb(
  File "C:\Users\ibhan\miniconda3\envs\newbook312\Lib\site-packages\nbclient\client.py", line 1319, in execute
    return NotebookClient(nb=nb, resources=resources, km=km, **kwargs).execute()
           ^^^^^^^^^^^^^^^^^^^^^^^^^^^^^^^^^^^^^^^^^^^^^^^^^^^^^^^^^^^^^^^^^^^^^
  File "C:\Users\ibhan\miniconda3\envs\newbook312\Lib\site-packages\jupyter_core\utils\__init__.py", line 165, in wrapped
    return loop.run_until_complete(inner)
           ^^^^^^^^^^^^^^^^^^^^^^^^^^^^^^
  File "C:\Users\ibhan\miniconda3\envs\newbook312\Lib\asyncio\base_events.py", line 686, in run_until_complete
    return future.result()
           ^^^^^^^^^^^^^^^
  File "C:\Users\ibhan\miniconda3\envs\newbook312\Lib\site-packages\nbclient\client.py", line 709, in async_execute
    await self.async_execute_cell(
  File "C:\Users\ibhan\miniconda3\envs\newbook312\Lib\site-packages\nbclient\client.py", line 1062, in async_execute_cell
    await self._check_raise_for_error(cell, cell_index, exec_reply)
  File "C:\Users\ibhan\miniconda3\envs\newbook312\Lib\site-packages\nbclient\client.py", line 918, in _check_raise_for_error
    raise CellExecutionError.from_cell_and_msg(cell, exec_reply_content)
nbclient.exceptions.CellExecutionError: An error occurred while executing the following cell:
------------------
mpak.plot('PAKCCEMISCO2TKN',
          datatype='growth',
          legend=True,
          base_last=True).show
------------------


[1;31m---------------------------------------------------------------------------[0m
[1;31mIndexError[0m                                Traceback (most recent call last)
Cell [1;32mIn[12], line 1[0m
[1;32m----> 1[0m [43mmpak[49m[38;5;241;43m.[39;49m[43mplot[49m[43m([49m[38;5;124;43m'[39;49m[38;5;124;43mPAKCCEMISCO2TKN[39;49m[38;5;124;43m'[39;49m[43m,[49m
[0;32m      2[0m [43m          [49m[43mdatatype[49m[38;5;241;43m=[39;49m[38;5;124;43m'[39;49m[38;5;124;43mgrowth[39;49m[38;5;124;43m'[39;49m[43m,[49m
[0;32m      3[0m [43m          [49m[43mlegend[49m[38;5;241;43m=[39;49m[38;5;28;43;01mTrue[39;49;00m[43m,[49m
[0;32m      4[0m [43m          [49m[43mbase_last[49m[38;5;241;43m=[39;49m[38;5;28;43;01mTrue[39;49;00m[43m)[49m[38;5;241m.[39mshow

File [1;32mC:\modelflow2\modelflow\modelclass.py:8503[0m, in [0;36mReport_Mixin.plot[1;34m(self, pat, title, datatype, custom_description, by_var, mul, ax_title_template, smpl, **kwargs)[0m
[0;32m   8492[0m this_smpl [38;5;241m=[39m smpl [38;5;28;01mif[39;00m smpl [38;5;241m!=[39m ([38;5;124m'[39m[38;5;124m'[39m,[38;5;124m'[39m[38;5;124m'[39m) [38;5;28;01melse[39;00m smpl_model 
[0;32m   8495[0m figspec [38;5;241m=[39m DisplaySpec(
[0;32m   8496[0m     options [38;5;241m=[39m Options(decorate[38;5;241m=[39m[38;5;28;01mFalse[39;00m,name[38;5;241m=[39m[38;5;124m'[39m[38;5;124mA_plot[39m[38;5;124m'[39m, 
[0;32m   8497[0m                       custom_description[38;5;241m=[39mcustom_description,title [38;5;241m=[39mtitle,width[38;5;241m=[39m[38;5;241m5[39m) [38;5;241m+[39m kwargs,
[1;32m   (...)[0m
[0;32m   8501[0m     ]
[0;32m   8502[0m )
[1;32m-> 8503[0m figs [38;5;241m=[39m [43mDisplayKeepFigDef[49m[43m [49m[43m([49m[43mmmodel[49m[38;5;241;43m=[39;49m[38;5;28;43mself[39;49m[43m,[49m[43m [49m[43mspec[49m[43m [49m[38;5;241;43m=[39;49m[43m [49m[43mfigspec[49m[43m)[49m
[0;32m   8504[0m [38;5;28;01mreturn[39;00m figs

File [1;32m<string>:6[0m, in [0;36m__init__[1;34m(self, mmodel, spec, name)[0m

File [1;32mC:\modelflow2\modelflow\modelreport.py:1410[0m, in [0;36mDisplayKeepFigDef.__post_init__[1;34m(self)[0m
[0;32m   1403[0m [38;5;66;03m# self.base_last = not self.options.scenarios[39;00m
[0;32m   1404[0m [38;5;66;03m# print(self.options.scenarios)[39;00m
[0;32m   1405[0m [38;5;66;03m# print(self.base_last)[39;00m
[0;32m   1408[0m [38;5;28mself[39m[38;5;241m.[39mdfs [38;5;241m=[39m [f [38;5;28;01mfor[39;00m line [38;5;129;01min[39;00m [38;5;28mself[39m[38;5;241m.[39mlines  [38;5;28;01mfor[39;00m f [38;5;129;01min[39;00m [38;5;28mself[39m[38;5;241m.[39mmake_df(line) ] 
[1;32m-> 1410[0m [38;5;28mself[39m[38;5;241m.[39mfigs [38;5;241m=[39m [38;5;28;43mself[39;49m[38;5;241;43m.[39;49m[43mmake_figs[49m[43m([49m[43mshowfig[49m[38;5;241;43m=[39;49m[38;5;28;43;01mFalse[39;49;00m[43m)[49m
[0;32m   1411[0m [38;5;28mself[39m[38;5;241m.[39mreport_smpl [38;5;241m=[39m [38;5;28mself[39m[38;5;241m.[39mget_report_smpl
[0;32m   1414[0m [38;5;28mself[39m[38;5;241m.[39mchart_names [38;5;241m=[39m [38;5;28mlist[39m([38;5;28mself[39m[38;5;241m.[39mfigs[38;5;241m.[39mkeys() )

File [1;32mC:\modelflow2\modelflow\modelreport.py:1574[0m, in [0;36mDisplayKeepFigDef.make_figs[1;34m(self, showfig)[0m
[0;32m   1564[0m ylabel [38;5;241m=[39m [38;5;124m'[39m[38;5;124mPercent[39m[38;5;124m'[39m [38;5;28;01mif[39;00m (line[38;5;241m.[39mshowtype [38;5;129;01min[39;00m { [38;5;124m'[39m[38;5;124mgrowth[39m[38;5;124m'[39m,[38;5;124m'[39m[38;5;124mgdppct[39m[38;5;124m'[39m} [38;5;129;01mor[39;00m line[38;5;241m.[39mdiftype [38;5;241m==[39m [38;5;124m'[39m[38;5;124mdifpct[39m[38;5;124m'[39m )  [38;5;28;01melse[39;00m [38;5;124m'[39m[38;5;124m'[39m
[0;32m   1566[0m [38;5;66;03m# if by_var: [39;00m
[0;32m   1567[0m [38;5;66;03m#     pretitle = (f'Difference{aspct}to "{list(self.mmodel.keep_solutions.keys())[0] }" for {dftype}:' [39;00m
[0;32m   1568[0m [38;5;66;03m#     if (line.diftype in {'difpct', 'dif'}) else f'{dftype}:')[39;00m
[0;32m   1569[0m [38;5;66;03m# else:[39;00m
[0;32m   1570[0m [38;5;66;03m#     pretitle = (f'Difference{aspct}to "{df.columns[0] }" for {dftype}:' [39;00m
[0;32m   1571[0m [38;5;66;03m#     if (line.diftype in {'difpct','dif'}) else f'{dftype}:')[39;00m
[1;32m-> 1574[0m compare [38;5;241m=[39m [38;5;124mf[39m[38;5;124m"[39m[38;5;132;01m{[39;00m[38;5;28;43mlist[39;49m[43m([49m[43mline_model[49m[38;5;241;43m.[39;49m[43mkeep_solutions[49m[38;5;241;43m.[39;49m[43mkeys[49m[43m([49m[43m)[49m[43m)[49m[43m[[49m[38;5;241;43m0[39;49m[43m][49m[38;5;250m [39m[38;5;132;01m}[39;00m[38;5;124m"[39m [38;5;28;01mif[39;00m by_var [38;5;28;01melse[39;00m [38;5;124mf[39m[38;5;124m"[39m[38;5;132;01m{[39;00mdf[38;5;241m.[39mcolumns[[38;5;241m0[39m][38;5;250m [39m[38;5;132;01m}[39;00m[38;5;124m"[39m 
[0;32m   1575[0m var_name [38;5;241m=[39m v
[0;32m   1576[0m var_description [38;5;241m=[39m line[38;5;241m.[39mvar_description[v]

[1;31mIndexError[0m: list index out of range

