Traceback (most recent call last):
  File "C:\Users\ibhan\Anaconda3\envs\mf\lib\site-packages\jupyter_cache\executors\utils.py", line 51, in single_nb_execution
    executenb(
  File "C:\Users\ibhan\Anaconda3\envs\mf\lib\site-packages\nbclient\client.py", line 1204, in execute
    return NotebookClient(nb=nb, resources=resources, km=km, **kwargs).execute()
  File "C:\Users\ibhan\Anaconda3\envs\mf\lib\site-packages\nbclient\util.py", line 84, in wrapped
    return just_run(coro(*args, **kwargs))
  File "C:\Users\ibhan\Anaconda3\envs\mf\lib\site-packages\nbclient\util.py", line 62, in just_run
    return loop.run_until_complete(coro)
  File "C:\Users\ibhan\Anaconda3\envs\mf\lib\asyncio\base_events.py", line 642, in run_until_complete
    return future.result()
  File "C:\Users\ibhan\Anaconda3\envs\mf\lib\site-packages\nbclient\client.py", line 663, in async_execute
    await self.async_execute_cell(
  File "C:\Users\ibhan\Anaconda3\envs\mf\lib\site-packages\nbclient\client.py", line 965, in async_execute_cell
    await self._check_raise_for_error(cell, cell_index, exec_reply)
  File "C:\Users\ibhan\Anaconda3\envs\mf\lib\site-packages\nbclient\client.py", line 862, in _check_raise_for_error
    raise CellExecutionError.from_cell_and_msg(cell, exec_reply_content)
nbclient.exceptions.CellExecutionError: An error occurred while executing the following cell:
------------------
res_no_tax   = mpak(exostart,2020,2100,alfa = 0.7,keep='Business as Usual')
res_nominal  = mpak(nominal_CT,2020,2100,alfa = 0.7,keep='Carbon tax nominal 29')
------------------

[1;31m---------------------------------------------------------------------------[0m
[1;31mNameError[0m                                 Traceback (most recent call last)
Input [1;32mIn [4][0m, in [0;36m<module>[1;34m[0m
[1;32m----> 1[0m res_no_tax   [38;5;241m=[39m mpak([43mexostart[49m,[38;5;241m2020[39m,[38;5;241m2100[39m,alfa [38;5;241m=[39m [38;5;241m0.7[39m,keep[38;5;241m=[39m[38;5;124m'[39m[38;5;124mBusiness as Usual[39m[38;5;124m'[39m)
[0;32m      2[0m res_nominal  [38;5;241m=[39m mpak(nominal_CT,[38;5;241m2020[39m,[38;5;241m2100[39m,alfa [38;5;241m=[39m [38;5;241m0.7[39m,keep[38;5;241m=[39m[38;5;124m'[39m[38;5;124mCarbon tax nominal 29[39m[38;5;124m'[39m)

[1;31mNameError[0m: name 'exostart' is not defined
NameError: name 'exostart' is not defined

