Traceback (most recent call last):
  File "C:\Users\ibhan\anaconda3\envs\mfdoc39\lib\site-packages\jupyter_cache\executors\utils.py", line 51, in single_nb_execution
    executenb(
  File "C:\Users\ibhan\anaconda3\envs\mfdoc39\lib\site-packages\nbclient\client.py", line 1204, in execute
    return NotebookClient(nb=nb, resources=resources, km=km, **kwargs).execute()
  File "C:\Users\ibhan\anaconda3\envs\mfdoc39\lib\site-packages\nbclient\util.py", line 84, in wrapped
    return just_run(coro(*args, **kwargs))
  File "C:\Users\ibhan\anaconda3\envs\mfdoc39\lib\site-packages\nbclient\util.py", line 62, in just_run
    return loop.run_until_complete(coro)
  File "C:\Users\ibhan\anaconda3\envs\mfdoc39\lib\asyncio\base_events.py", line 647, in run_until_complete
    return future.result()
  File "C:\Users\ibhan\anaconda3\envs\mfdoc39\lib\site-packages\nbclient\client.py", line 663, in async_execute
    await self.async_execute_cell(
  File "C:\Users\ibhan\anaconda3\envs\mfdoc39\lib\site-packages\nbclient\client.py", line 965, in async_execute_cell
    await self._check_raise_for_error(cell, cell_index, exec_reply)
  File "C:\Users\ibhan\anaconda3\envs\mfdoc39\lib\site-packages\nbclient\client.py", line 862, in _check_raise_for_error
    raise CellExecutionError.from_cell_and_msg(cell, exec_reply_content)
nbclient.exceptions.CellExecutionError: An error occurred while executing the following cell:
------------------
mpak,baseline = model.modelload('../models/pak.pcim',run=1,silent=1,keep='Baseline')
------------------

[1;31m---------------------------------------------------------------------------[0m
[1;31mOverflowError[0m                             Traceback (most recent call last)
Cell [1;32mIn [7], line 1[0m
[1;32m----> 1[0m mpak,baseline [38;5;241m=[39m model[38;5;241m.[39mmodelload([38;5;124m'[39m[38;5;124m../models/pak.pcim[39m[38;5;124m'[39m,run[38;5;241m=[39m[38;5;241m1[39m,silent[38;5;241m=[39m[38;5;241m1[39m,keep[38;5;241m=[39m[38;5;124m'[39m[38;5;124mBaseline[39m[38;5;124m'[39m)

File [1;32mC:\modelflow2\modelflow\modelclass.py:3442[0m, in [0;36mJson_Mixin.modelload[1;34m(cls, infile, funks, run, keep_json, **kwargs)[0m
[0;32m   3439[0m     [38;5;28;01mpass[39;00m
[0;32m   3441[0m [38;5;28;01mif[39;00m run:
[1;32m-> 3442[0m     res [38;5;241m=[39m mmodel(lastdf, current_per[[38;5;241m0[39m], current_per[[38;5;241m-[39m[38;5;241m1[39m], [38;5;241m*[39m[38;5;241m*[39mkwargs)
[0;32m   3443[0m     [38;5;28;01mreturn[39;00m mmodel, res
[0;32m   3444[0m [38;5;28;01melse[39;00m:

File [1;32mC:\modelflow2\modelflow\modelclass.py:3625[0m, in [0;36mSolver_Mixin.__call__[1;34m(self, *args, **kwargs)[0m
[0;32m   3622[0m [38;5;28mself[39m[38;5;241m.[39mmodel_solver [38;5;241m=[39m [38;5;28mgetattr[39m([38;5;28mself[39m, solver)
[0;32m   3623[0m [38;5;66;03m# print(f'solver:{solver},solverkwargs:{newkwargs}')[39;00m
[0;32m   3624[0m [38;5;66;03m# breakpoint()[39;00m
[1;32m-> 3625[0m outdf [38;5;241m=[39m [38;5;28mself[39m[38;5;241m.[39mmodel_solver([38;5;241m*[39margs, [38;5;241m*[39m[38;5;241m*[39mnewkwargs)
[0;32m   3626[0m [38;5;28;01mif[39;00m  newkwargs[38;5;241m.[39mget([38;5;124m'[39m[38;5;124mcache_clear[39m[38;5;124m'[39m, [38;5;28;01mTrue[39;00m): 
[0;32m   3627[0m     [38;5;28mself[39m[38;5;241m.[39mdekomp[38;5;241m.[39mcache_clear()

File [1;32mC:\modelflow2\modelflow\modelclass.py:3823[0m, in [0;36mSolver_Mixin.sim[1;34m(self, databank, start, slut, silent, samedata, alfa, stats, first_test, max_iterations, conv, absconv, relconv, stringjit, transpile_reset, dumpvar, init, ldumpvar, dumpwith, dumpdecimal, chunk, ljit, timeon, fairopt, progressbar, **kwargs)[0m
[0;32m   3821[0m [38;5;28;01mfor[39;00m iteration [38;5;129;01min[39;00m [38;5;28mrange[39m(max_iterations):
[0;32m   3822[0m     [38;5;28;01mwith[39;00m [38;5;28mself[39m[38;5;241m.[39mtimer([38;5;124mf[39m[38;5;124m'[39m[38;5;124mEvaluate [39m[38;5;132;01m{[39;00m[38;5;28mself[39m[38;5;241m.[39mperiode[38;5;132;01m}[39;00m[38;5;124m/[39m[38;5;132;01m{[39;00miteration[38;5;132;01m}[39;00m[38;5;124m [39m[38;5;124m'[39m, timeon) [38;5;28;01mas[39;00m t:
[1;32m-> 3823[0m         [38;5;28;43mself[39;49m[38;5;241;43m.[39;49m[43msolve2d[49m[43m([49m[43mvalues[49m[43m,[49m[43m [49m[43mvalues[49m[43m,[49m[43m [49m[43mrow[49m[43m,[49m[43m  [49m[43malfa[49m[43m)[49m
[0;32m   3824[0m     ittotal [38;5;241m+[39m[38;5;241m=[39m [38;5;241m1[39m
[0;32m   3826[0m     [38;5;28;01mif[39;00m ldumpvar:

File [1;32m<string>:338[0m, in [0;36mcore[1;34m(values, outvalues, row, alfa)[0m

File [1;32m<string>:158[0m, in [0;36mcore3[1;34m(values, outvalues, row, alfa)[0m

[1;31mOverflowError[0m: math range error
OverflowError: math range error

